<?xml version="1.0" encoding="UTF-8"?>
<!-- Generated by org.testng.reporters.JUnitReportReporter -->
<testsuite skipped="0" hostname="DESKTOP-6M9B03E" name="baseUtilClass.AndroidDriverInit" tests="1" failures="0" timestamp="2020-04-15T15:43:03 EDT" time="6.076" errors="0">
  <testcase name="Test" time="6.076" classname="baseUtilClass.AndroidDriverInit"/>
  <system-out/>
</testsuite> <!-- baseUtilClass.AndroidDriverInit -->
