<?xml version="1.0" encoding="UTF-8"?>
<!-- Generated by org.testng.reporters.JUnitReportReporter -->
<testsuite skipped="0" hostname="DESKTOP-6M9B03E" name="appiumAndroidTests.ChromeBrowserTest" tests="1" failures="0" timestamp="2020-04-16T18:41:58 EDT" time="9.592" errors="0">
  <testcase name="openUrlAndLogin" time="9.592" classname="appiumAndroidTests.ChromeBrowserTest"/>
  <system-out>
=======Login Started======= =======Login Ended=======  </system-out>
</testsuite> <!-- appiumAndroidTests.ChromeBrowserTest -->
