<?xml version="1.0" encoding="UTF-8"?>
<!-- Generated by org.testng.reporters.JUnitReportReporter -->
<testsuite skipped="0" hostname="DESKTOP-6M9B03E" name="appiumTests.ChromeWebTest" tests="1" failures="0" timestamp="2020-04-14T17:01:24 EDT" time="24.125" errors="0">
  <testcase name="testUntitled" time="24.125" classname="appiumTests.ChromeWebTest"/>
  <system-out>
=======Login Started======= =======Login Ended=======  </system-out>
</testsuite> <!-- appiumTests.ChromeWebTest -->
