<?xml version="1.0" encoding="UTF-8"?>
<!-- Generated by org.testng.reporters.JUnitReportReporter -->
<testsuite skipped="0" hostname="DESKTOP-6M9B03E" name="appiumTests.Untitled" tests="1" failures="0" timestamp="2020-04-14T16:43:17 EDT" time="50.748" errors="0">
  <testcase name="testUntitled" time="50.748" classname="appiumTests.Untitled"/>
  <system-out/>
</testsuite> <!-- appiumTests.Untitled -->
